This is pdfTeX, Version 3.141592653-2.6-1.40.26 (TeX Live 2024) (preloaded format=pdflatex 2024.11.10)  24 MAR 2026 21:28
entering extended mode
 restricted \write18 enabled.
 file:line:error style messages enabled.
 %&-line parsing enabled.
**NotasCursoProbabilidad.tex
(./NotasCursoProbabilidad.tex
LaTeX2e <2023-11-01> patch level 1
L3 programming layer <2024-02-20>
(/usr/local/texlive/2024/texmf-dist/tex/latex/base/article.cls
Document Class: article 2023/05/17 v1.4n Standard LaTeX document class
(/usr/local/texlive/2024/texmf-dist/tex/latex/base/size12.clo
File: size12.clo 2023/05/17 v1.4n Standard LaTeX file (size option)
)
\c@part=\count188
\c@section=\count189
\c@subsection=\count190
\c@subsubsection=\count191
\c@paragraph=\count192
\c@subparagraph=\count193
\c@figure=\count194
\c@table=\count195
\abovecaptionskip=\skip48
\belowcaptionskip=\skip49
\bibindent=\dimen140
)
(/usr/local/texlive/2024/texmf-dist/tex/latex/base/inputenc.sty
Package: inputenc 2021/02/14 v1.3d Input encoding file
\inpenc@prehook=\toks17
\inpenc@posthook=\toks18
)
(/usr/local/texlive/2024/texmf-dist/tex/generic/babel/babel.sty
Package: babel 2024/02/07 v24.2 The Babel package
\babel@savecnt=\count196
\U@D=\dimen141
\l@unhyphenated=\language89

(/usr/local/texlive/2024/texmf-dist/tex/generic/babel/txtbabel.def)
\bbl@readstream=\read2
\bbl@dirlevel=\count197

(/usr/local/texlive/2024/texmf-dist/tex/generic/babel-spanish/spanish.ldf
Language: spanish.ldf 2021/05/27 v5.0q Spanish support from the babel system
\es@quottoks=\toks19
\es@quotdepth=\count198
Package babel Info: Making " an active character on input line 570.
Package babel Info: Making . an active character on input line 675.
Package babel Info: Making < an active character on input line 722.
Package babel Info: Making > an active character on input line 722.
))
(/usr/local/texlive/2024/texmf-dist/tex/generic/babel/locale/es/babel-spanish.t
ex
Package babel Info: Importing font and identification data for spanish
(babel)             from babel-es.ini. Reported on input line 11.
) (/usr/local/texlive/2024/texmf-dist/tex/latex/geometry/geometry.sty
Package: geometry 2020/01/02 v5.9 Page Geometry

(/usr/local/texlive/2024/texmf-dist/tex/latex/graphics/keyval.sty
Package: keyval 2022/05/29 v1.15 key=value parser (DPC)
\KV@toks@=\toks20
)
(/usr/local/texlive/2024/texmf-dist/tex/generic/iftex/ifvtex.sty
Package: ifvtex 2019/10/25 v1.7 ifvtex legacy package. Use iftex instead.

(/usr/local/texlive/2024/texmf-dist/tex/generic/iftex/iftex.sty
Package: iftex 2022/02/03 v1.0f TeX engine tests
))
\Gm@cnth=\count199
\Gm@cntv=\count266
\c@Gm@tempcnt=\count267
\Gm@bindingoffset=\dimen142
\Gm@wd@mp=\dimen143
\Gm@odd@mp=\dimen144
\Gm@even@mp=\dimen145
\Gm@layoutwidth=\dimen146
\Gm@layoutheight=\dimen147
\Gm@layouthoffset=\dimen148
\Gm@layoutvoffset=\dimen149
\Gm@dimlist=\toks21
)
(/usr/local/texlive/2024/texmf-dist/tex/latex/amsmath/amsmath.sty
Package: amsmath 2023/05/13 v2.17o AMS math features
\@mathmargin=\skip50

For additional information on amsmath, use the `?' option.
(/usr/local/texlive/2024/texmf-dist/tex/latex/amsmath/amstext.sty
Package: amstext 2021/08/26 v2.01 AMS text

(/usr/local/texlive/2024/texmf-dist/tex/latex/amsmath/amsgen.sty
File: amsgen.sty 1999/11/30 v2.0 generic functions
\@emptytoks=\toks22
\ex@=\dimen150
))
(/usr/local/texlive/2024/texmf-dist/tex/latex/amsmath/amsbsy.sty
Package: amsbsy 1999/11/29 v1.2d Bold Symbols
\pmbraise@=\dimen151
)
(/usr/local/texlive/2024/texmf-dist/tex/latex/amsmath/amsopn.sty
Package: amsopn 2022/04/08 v2.04 operator names
)
\inf@bad=\count268
LaTeX Info: Redefining \frac on input line 234.
\uproot@=\count269
\leftroot@=\count270
LaTeX Info: Redefining \overline on input line 399.
LaTeX Info: Redefining \colon on input line 410.
\classnum@=\count271
\DOTSCASE@=\count272
LaTeX Info: Redefining \ldots on input line 496.
LaTeX Info: Redefining \dots on input line 499.
LaTeX Info: Redefining \cdots on input line 620.
\Mathstrutbox@=\box51
\strutbox@=\box52
LaTeX Info: Redefining \big on input line 722.
LaTeX Info: Redefining \Big on input line 723.
LaTeX Info: Redefining \bigg on input line 724.
LaTeX Info: Redefining \Bigg on input line 725.
\big@size=\dimen152
LaTeX Font Info:    Redeclaring font encoding OML on input line 743.
LaTeX Font Info:    Redeclaring font encoding OMS on input line 744.
\macc@depth=\count273
LaTeX Info: Redefining \bmod on input line 905.
LaTeX Info: Redefining \pmod on input line 910.
LaTeX Info: Redefining \smash on input line 940.
LaTeX Info: Redefining \relbar on input line 970.
LaTeX Info: Redefining \Relbar on input line 971.
\c@MaxMatrixCols=\count274
\dotsspace@=\muskip16
\c@parentequation=\count275
\dspbrk@lvl=\count276
\tag@help=\toks23
\row@=\count277
\column@=\count278
\maxfields@=\count279
\andhelp@=\toks24
\eqnshift@=\dimen153
\alignsep@=\dimen154
\tagshift@=\dimen155
\tagwidth@=\dimen156
\totwidth@=\dimen157
\lineht@=\dimen158
\@envbody=\toks25
\multlinegap=\skip51
\multlinetaggap=\skip52
\mathdisplay@stack=\toks26
LaTeX Info: Redefining \[ on input line 2953.
LaTeX Info: Redefining \] on input line 2954.
)
(/usr/local/texlive/2024/texmf-dist/tex/latex/amscls/amsthm.sty
Package: amsthm 2020/05/29 v2.20.6
\thm@style=\toks27
\thm@bodyfont=\toks28
\thm@headfont=\toks29
\thm@notefont=\toks30
\thm@headpunct=\toks31
\thm@preskip=\skip53
\thm@postskip=\skip54
\thm@headsep=\skip55
\dth@everypar=\toks32
)
(/usr/local/texlive/2024/texmf-dist/tex/latex/amsfonts/amsfonts.sty
Package: amsfonts 2013/01/14 v3.01 Basic AMSFonts support
\symAMSa=\mathgroup4
\symAMSb=\mathgroup5
LaTeX Font Info:    Redeclaring math symbol \hbar on input line 98.
LaTeX Font Info:    Overwriting math alphabet `\mathfrak' in version `bold'
(Font)                  U/euf/m/n --> U/euf/b/n on input line 106.
)
(/usr/local/texlive/2024/texmf-dist/tex/latex/hyperref/hyperref.sty
Package: hyperref 2024-01-20 v7.01h Hypertext links for LaTeX

(/usr/local/texlive/2024/texmf-dist/tex/latex/kvsetkeys/kvsetkeys.sty
Package: kvsetkeys 2022-10-05 v1.19 Key value parser (HO)
)
(/usr/local/texlive/2024/texmf-dist/tex/generic/kvdefinekeys/kvdefinekeys.sty
Package: kvdefinekeys 2019-12-19 v1.6 Define keys (HO)
)
(/usr/local/texlive/2024/texmf-dist/tex/generic/pdfescape/pdfescape.sty
Package: pdfescape 2019/12/09 v1.15 Implements pdfTeX's escape features (HO)

(/usr/local/texlive/2024/texmf-dist/tex/generic/ltxcmds/ltxcmds.sty
Package: ltxcmds 2023-12-04 v1.26 LaTeX kernel commands for general use (HO)
)
(/usr/local/texlive/2024/texmf-dist/tex/generic/pdftexcmds/pdftexcmds.sty
Package: pdftexcmds 2020-06-27 v0.33 Utility functions of pdfTeX for LuaTeX (HO
)

(/usr/local/texlive/2024/texmf-dist/tex/generic/infwarerr/infwarerr.sty
Package: infwarerr 2019/12/03 v1.5 Providing info/warning/error messages (HO)
)
Package pdftexcmds Info: \pdf@primitive is available.
Package pdftexcmds Info: \pdf@ifprimitive is available.
Package pdftexcmds Info: \pdfdraftmode found.
))
(/usr/local/texlive/2024/texmf-dist/tex/latex/hycolor/hycolor.sty
Package: hycolor 2020-01-27 v1.10 Color options for hyperref/bookmark (HO)
)
(/usr/local/texlive/2024/texmf-dist/tex/latex/auxhook/auxhook.sty
Package: auxhook 2019-12-17 v1.6 Hooks for auxiliary files (HO)
)
(/usr/local/texlive/2024/texmf-dist/tex/latex/hyperref/nameref.sty
Package: nameref 2023-11-26 v2.56 Cross-referencing by name of section

(/usr/local/texlive/2024/texmf-dist/tex/latex/refcount/refcount.sty
Package: refcount 2019/12/15 v3.6 Data extraction from label references (HO)
)
(/usr/local/texlive/2024/texmf-dist/tex/generic/gettitlestring/gettitlestring.s
ty
Package: gettitlestring 2019/12/15 v1.6 Cleanup title references (HO)
 (/usr/local/texlive/2024/texmf-dist/tex/latex/kvoptions/kvoptions.sty
Package: kvoptions 2022-06-15 v3.15 Key value format for package options (HO)
))
\c@section@level=\count280
)
(/usr/local/texlive/2024/texmf-dist/tex/latex/etoolbox/etoolbox.sty
Package: etoolbox 2020/10/05 v2.5k e-TeX tools for LaTeX (JAW)
\etb@tempcnta=\count281
)
\@linkdim=\dimen159
\Hy@linkcounter=\count282
\Hy@pagecounter=\count283

(/usr/local/texlive/2024/texmf-dist/tex/latex/hyperref/pd1enc.def
File: pd1enc.def 2024-01-20 v7.01h Hyperref: PDFDocEncoding definition (HO)
Now handling font encoding PD1 ...
... no UTF-8 mapping file for font encoding PD1
)
(/usr/local/texlive/2024/texmf-dist/tex/generic/intcalc/intcalc.sty
Package: intcalc 2019/12/15 v1.3 Expandable calculations with integers (HO)
)
\Hy@SavedSpaceFactor=\count284

(/usr/local/texlive/2024/texmf-dist/tex/latex/hyperref/puenc.def
File: puenc.def 2024-01-20 v7.01h Hyperref: PDF Unicode definition (HO)
Now handling font encoding PU ...
... no UTF-8 mapping file for font encoding PU
)
Package hyperref Info: Hyper figures OFF on input line 4179.
Package hyperref Info: Link nesting OFF on input line 4184.
Package hyperref Info: Hyper index ON on input line 4187.
Package hyperref Info: Plain pages OFF on input line 4194.
Package hyperref Info: Backreferencing OFF on input line 4199.
Package hyperref Info: Implicit mode ON; LaTeX internals redefined.
Package hyperref Info: Bookmarks ON on input line 4446.
\c@Hy@tempcnt=\count285

(/usr/local/texlive/2024/texmf-dist/tex/latex/url/url.sty
\Urlmuskip=\muskip17
Package: url 2013/09/16  ver 3.4  Verb mode for urls, etc.
)
LaTeX Info: Redefining \url on input line 4784.
\XeTeXLinkMargin=\dimen160

(/usr/local/texlive/2024/texmf-dist/tex/generic/bitset/bitset.sty
Package: bitset 2019/12/09 v1.3 Handle bit-vector datatype (HO)

(/usr/local/texlive/2024/texmf-dist/tex/generic/bigintcalc/bigintcalc.sty
Package: bigintcalc 2019/12/15 v1.5 Expandable calculations on big integers (HO
)
))
\Fld@menulength=\count286
\Field@Width=\dimen161
\Fld@charsize=\dimen162
Package hyperref Info: Hyper figures OFF on input line 6063.
Package hyperref Info: Link nesting OFF on input line 6068.
Package hyperref Info: Hyper index ON on input line 6071.
Package hyperref Info: backreferencing OFF on input line 6078.
Package hyperref Info: Link coloring OFF on input line 6083.
Package hyperref Info: Link coloring with OCG OFF on input line 6088.
Package hyperref Info: PDF/A mode OFF on input line 6093.

(/usr/local/texlive/2024/texmf-dist/tex/latex/base/atbegshi-ltx.sty
Package: atbegshi-ltx 2021/01/10 v1.0c Emulation of the original atbegshi
package with kernel methods
)
\Hy@abspage=\count287
\c@Item=\count288
\c@Hfootnote=\count289
)
Package hyperref Info: Driver (autodetected): hpdftex.

(/usr/local/texlive/2024/texmf-dist/tex/latex/hyperref/hpdftex.def
File: hpdftex.def 2024-01-20 v7.01h Hyperref driver for pdfTeX

(/usr/local/texlive/2024/texmf-dist/tex/latex/base/atveryend-ltx.sty
Package: atveryend-ltx 2020/08/19 v1.0a Emulation of the original atveryend pac
kage
with kernel methods
)
\Fld@listcount=\count290
\c@bookmark@seq@number=\count291

(/usr/local/texlive/2024/texmf-dist/tex/latex/rerunfilecheck/rerunfilecheck.sty
Package: rerunfilecheck 2022-07-10 v1.10 Rerun checks for auxiliary files (HO)

(/usr/local/texlive/2024/texmf-dist/tex/generic/uniquecounter/uniquecounter.sty
Package: uniquecounter 2019/12/15 v1.4 Provide unlimited unique counter (HO)
)
Package uniquecounter Info: New unique counter `rerunfilecheck' on input line 2
85.
)
\Hy@SectionHShift=\skip56
) (/usr/local/texlive/2024/texmf-dist/tex/latex/fancyhdr/fancyhdr.sty
Package: fancyhdr 2022/11/09 v4.1 Extensive control of page headers and footers

\f@nch@headwidth=\skip57
\f@nch@O@elh=\skip58
\f@nch@O@erh=\skip59
\f@nch@O@olh=\skip60
\f@nch@O@orh=\skip61
\f@nch@O@elf=\skip62
\f@nch@O@erf=\skip63
\f@nch@O@olf=\skip64
\f@nch@O@orf=\skip65
)
(/usr/local/texlive/2024/texmf-dist/tex/latex/titlesec/titlesec.sty
Package: titlesec 2023/10/27 v2.16 Sectioning titles
\ttl@box=\box53
\beforetitleunit=\skip66
\aftertitleunit=\skip67
\ttl@plus=\dimen163
\ttl@minus=\dimen164
\ttl@toksa=\toks33
\titlewidth=\dimen165
\titlewidthlast=\dimen166
\titlewidthfirst=\dimen167
)
(/usr/local/texlive/2024/texmf-dist/tex/latex/listings/listings.sty
\lst@mode=\count292
\lst@gtempboxa=\box54
\lst@token=\toks34
\lst@length=\count293
\lst@currlwidth=\dimen168
\lst@column=\count294
\lst@pos=\count295
\lst@lostspace=\dimen169
\lst@width=\dimen170
\lst@newlines=\count296
\lst@lineno=\count297
\lst@maxwidth=\dimen171

(/usr/local/texlive/2024/texmf-dist/tex/latex/listings/lstpatch.sty
File: lstpatch.sty 2024/02/21 1.10 (Carsten Heinz)
)
(/usr/local/texlive/2024/texmf-dist/tex/latex/listings/lstmisc.sty
File: lstmisc.sty 2024/02/21 1.10 (Carsten Heinz)
\c@lstnumber=\count298
\lst@skipnumbers=\count299
\lst@framebox=\box55
)
(/usr/local/texlive/2024/texmf-dist/tex/latex/listings/listings.cfg
File: listings.cfg 2024/02/21 1.10 listings configuration
))
Package: listings 2024/02/21 1.10 (Carsten Heinz)

(/usr/local/texlive/2024/texmf-dist/tex/latex/graphics/graphicx.sty
Package: graphicx 2021/09/16 v1.2d Enhanced LaTeX Graphics (DPC,SPQR)

(/usr/local/texlive/2024/texmf-dist/tex/latex/graphics/graphics.sty
Package: graphics 2022/03/10 v1.4e Standard LaTeX Graphics (DPC,SPQR)

(/usr/local/texlive/2024/texmf-dist/tex/latex/graphics/trig.sty
Package: trig 2021/08/11 v1.11 sin cos tan (DPC)
)
(/usr/local/texlive/2024/texmf-dist/tex/latex/graphics-cfg/graphics.cfg
File: graphics.cfg 2016/06/04 v1.11 sample graphics configuration
)
Package graphics Info: Driver file: pdftex.def on input line 107.

(/usr/local/texlive/2024/texmf-dist/tex/latex/graphics-def/pdftex.def
File: pdftex.def 2022/09/22 v1.2b Graphics/color driver for pdftex
))
\Gin@req@height=\dimen172
\Gin@req@width=\dimen173
)
(/usr/local/texlive/2024/texmf-dist/tex/latex/tools/multicol.sty
Package: multicol 2023/03/30 v1.9f multicolumn formatting (FMi)
\c@tracingmulticols=\count300
\mult@box=\box56
\multicol@leftmargin=\dimen174
\c@unbalance=\count301
\c@collectmore=\count302
\doublecol@number=\count303
\multicoltolerance=\count304
\multicolpretolerance=\count305
\full@width=\dimen175
\page@free=\dimen176
\premulticols=\dimen177
\postmulticols=\dimen178
\multicolsep=\skip68
\multicolbaselineskip=\skip69
\partial@page=\box57
\last@line=\box58
\mc@boxedresult=\box59
\maxbalancingoverflow=\dimen179
\mult@rightbox=\box60
\mult@grightbox=\box61
\mult@firstbox=\box62
\mult@gfirstbox=\box63
\@tempa=\box64
\@tempa=\box65
\@tempa=\box66
\@tempa=\box67
\@tempa=\box68
\@tempa=\box69
\@tempa=\box70
\@tempa=\box71
\@tempa=\box72
\@tempa=\box73
\@tempa=\box74
\@tempa=\box75
\@tempa=\box76
\@tempa=\box77
\@tempa=\box78
\@tempa=\box79
\@tempa=\box80
\@tempa=\box81
\@tempa=\box82
\@tempa=\box83
\@tempa=\box84
\@tempa=\box85
\@tempa=\box86
\@tempa=\box87
\@tempa=\box88
\@tempa=\box89
\@tempa=\box90
\@tempa=\box91
\@tempa=\box92
\@tempa=\box93
\@tempa=\box94
\@tempa=\box95
\@tempa=\box96
\@tempa=\box97
\@tempa=\box98
\@tempa=\box99
\c@minrows=\count306
\c@columnbadness=\count307
\c@finalcolumnbadness=\count308
\last@try=\dimen180
\multicolovershoot=\dimen181
\multicolundershoot=\dimen182
\mult@nat@firstbox=\box100
\colbreak@box=\box101
\mc@col@check@num=\count309
)
(/usr/local/texlive/2024/texmf-dist/tex/latex/multirow/multirow.sty
Package: multirow 2021/03/15 v2.8 Span multiple rows of a table
\multirow@colwidth=\skip70
\multirow@cntb=\count310
\multirow@dima=\skip71
\bigstrutjot=\dimen183
)
(/usr/local/texlive/2024/texmf-dist/tex/latex/graphics/color.sty
Package: color 2022/01/06 v1.3d Standard LaTeX Color (DPC)

(/usr/local/texlive/2024/texmf-dist/tex/latex/graphics-cfg/color.cfg
File: color.cfg 2016/01/02 v1.6 sample color configuration
)
Package color Info: Driver file: pdftex.def on input line 149.

(/usr/local/texlive/2024/texmf-dist/tex/latex/graphics/mathcolor.ltx))
(/usr/local/texlive/2024/texmf-dist/tex/latex/subfig/subfig.sty
Package: subfig 2005/06/28 ver: 1.3 subfig package

(/usr/local/texlive/2024/texmf-dist/tex/latex/caption/caption.sty
Package: caption 2023/08/05 v3.6o Customizing captions (AR)

(/usr/local/texlive/2024/texmf-dist/tex/latex/caption/caption3.sty
Package: caption3 2023/07/31 v2.4d caption3 kernel (AR)
\caption@tempdima=\dimen184
\captionmargin=\dimen185
\caption@leftmargin=\dimen186
\caption@rightmargin=\dimen187
\caption@width=\dimen188
\caption@indent=\dimen189
\caption@parindent=\dimen190
\caption@hangindent=\dimen191
Package caption Info: Standard document class detected.
)
\c@caption@flags=\count311
\c@continuedfloat=\count312
Package caption Info: hyperref package is loaded.
Package caption Info: listings package is loaded.
)
\c@KVtest=\count313
\sf@farskip=\skip72
\sf@captopadj=\dimen192
\sf@capskip=\skip73
\sf@nearskip=\skip74
\c@subfigure=\count314
\c@subfigure@save=\count315
\c@lofdepth=\count316
\c@subtable=\count317
\c@subtable@save=\count318
\c@lotdepth=\count319
\sf@top=\skip75
\sf@bottom=\skip76
)
(/usr/local/texlive/2024/texmf-dist/tex/latex/graphics/rotating.sty
Package: rotating 2016/08/11 v2.16d rotated objects in LaTeX

(/usr/local/texlive/2024/texmf-dist/tex/latex/base/ifthen.sty
Package: ifthen 2022/04/13 v1.1d Standard LaTeX ifthen package (DPC)
)
\c@r@tfl@t=\count320
\rotFPtop=\skip77
\rotFPbot=\skip78
\rot@float@box=\box102
\rot@mess@toks=\toks35
)
(/usr/local/texlive/2024/texmf-dist/tex/latex/tools/enumerate.sty
Package: enumerate 2023/07/04 v3.00 enumerate extensions (DPC)
\@enLab=\toks36
)
(/usr/local/texlive/2024/texmf-dist/tex/latex/anysize/anysize.sty
Package: anysize 1994/08/13 setting margin sizes

document style option `anysize' loaded
Michael Salzenberg, Thomas Esser, Dirk Hillbrecht
Version 1.0, Aug 13, 1994
\@Leftmargin=\dimen193
\@Rightmargin=\dimen194
\@Topmargin=\dimen195
\@Bottommargin=\dimen196
) (/usr/local/texlive/2024/texmf-dist/tex/latex/imakeidx/imakeidx.sty
Package: imakeidx 2016/10/15 v1.3e Package for typesetting indices in a synchro
nous mode

(/usr/local/texlive/2024/texmf-dist/tex/latex/xkeyval/xkeyval.sty
Package: xkeyval 2022/06/16 v2.9 package option processing (HA)

(/usr/local/texlive/2024/texmf-dist/tex/generic/xkeyval/xkeyval.tex
(/usr/local/texlive/2024/texmf-dist/tex/generic/xkeyval/xkvutils.tex
\XKV@toks=\toks37
\XKV@tempa@toks=\toks38
)
\XKV@depth=\count321
File: xkeyval.tex 2014/12/03 v2.7a key=value parser (HA)
))
(/usr/local/texlive/2024/texmf-dist/tex/generic/iftex/ifxetex.sty
Package: ifxetex 2019/10/25 v0.7 ifxetex legacy package. Use iftex instead.
)
(/usr/local/texlive/2024/texmf-dist/tex/generic/iftex/ifluatex.sty
Package: ifluatex 2019/10/25 v1.5 ifluatex legacy package. Use iftex instead.
))
(/usr/local/texlive/2024/texmf-dist/tex/latex/float/float.sty
Package: float 2001/11/08 v1.3d Float enhancements (AL)
\c@float@type=\count322
\float@exts=\toks39
\float@box=\box103
\@float@everytoks=\toks40
\@floatcapt=\box104
)
(/usr/local/texlive/2024/texmf-dist/tex/latex/qrcode/qrcode.sty
Package: qrcode 2015/01/08 v1.51 QR code generation

(/usr/local/texlive/2024/texmf-dist/tex/latex/xcolor/xcolor.sty
Package: xcolor 2023/11/15 v3.01 LaTeX color extensions (UK)

(/usr/local/texlive/2024/texmf-dist/tex/latex/graphics-cfg/color.cfg
File: color.cfg 2016/01/02 v1.6 sample color configuration
)
Package xcolor Info: Driver file: pdftex.def on input line 274.
LaTeX Info: Redefining \color on input line 758.

(/usr/local/texlive/2024/texmf-dist/tex/latex/graphics/mathcolor.ltx)
Package xcolor Info: Model `cmy' substituted by `cmy0' on input line 1350.
Package xcolor Info: Model `hsb' substituted by `rgb' on input line 1354.
Package xcolor Info: Model `RGB' extended on input line 1366.
Package xcolor Info: Model `HTML' substituted by `rgb' on input line 1368.
Package xcolor Info: Model `Hsb' substituted by `hsb' on input line 1369.
Package xcolor Info: Model `tHsb' substituted by `hsb' on input line 1370.
Package xcolor Info: Model `HSB' substituted by `hsb' on input line 1371.
Package xcolor Info: Model `Gray' substituted by `gray' on input line 1372.
Package xcolor Info: Model `wave' substituted by `hsb' on input line 1373.
)
\c@qr@i=\count323
\c@qr@j=\count324
\qr@a=\count325
\qr@b=\count326
\qr@c=\count327
\qr@for@depth=\count328
\qr@for@maxdepth=\count329
\qr@for@start=\count330
\qr@for@end=\count331
\qr@for@step=\count332
\qr@newforcount=\count333
\qr@newforcount=\count334
\qr@desiredheight=\skip79
\qr@modulesize=\skip80
\qr@minipagewidth=\skip81
\c@maski=\count335
\c@maskj=\count336
\c@totalones=\count337
\c@penaltyi=\count338
\c@penaltyii=\count339
\c@penaltyiii=\count340
\c@penaltyiv=\count341
\c@qr@hexchars=\count342
\qr@newforcount=\count343
\c@qr@divisionsremaining=\count344
)
(/usr/local/texlive/2024/texmf-dist/tex/latex/chngcntr/chngcntr.sty
Package: chngcntr 2018/04/09 v1.1a change counter resetting
Package chngcntr Info: \counterwithout already defined.
(chngcntr)             Quitting chngcntr on input line 21.
)
(/usr/local/texlive/2024/texmf-dist/tex/latex/enumitem/enumitem.sty
Package: enumitem 2019/06/20 v3.9 Customized lists
\labelindent=\skip82
\enit@outerparindent=\dimen197
\enit@toks=\toks41
\enit@inbox=\box105
\enit@count@id=\count345
\enitdp@description=\count346
)
\c@globalitem=\count347
\c@Criterio=\count348
\c@Sup=\count349
\c@Note=\count350
\c@Ejer=\count351
\c@Ejem=\count352
\c@Prop=\count353
\c@Def=\count354
\c@Teo=\count355
\c@Algthm=\count356
\c@Sol=\count357
\c@Cor=\count358
\c@Quest=\count359
\c@Obs=\count360
\c@Propty=\count361
\c@lem=\count362

(/usr/local/texlive/2024/texmf-dist/tex/latex/l3backend/l3backend-pdftex.def
File: l3backend-pdftex.def 2024-02-20 L3 backend support: PDF output (pdfTeX)
\l__color_backend_stack_int=\count363
\l__pdf_internal_box=\box106
)
(./NotasCursoProbabilidad.aux
LaTeX Info: Redefining \. on input line 12.
LaTeX Info: Redefining \% on input line 12.
)
\openout1 = `NotasCursoProbabilidad.aux'.

LaTeX Font Info:    Checking defaults for OML/cmm/m/it on input line 110.
LaTeX Font Info:    ... okay on input line 110.
LaTeX Font Info:    Checking defaults for OMS/cmsy/m/n on input line 110.
LaTeX Font Info:    ... okay on input line 110.
LaTeX Font Info:    Checking defaults for OT1/cmr/m/n on input line 110.
LaTeX Font Info:    ... okay on input line 110.
LaTeX Font Info:    Checking defaults for T1/cmr/m/n on input line 110.
LaTeX Font Info:    ... okay on input line 110.
LaTeX Font Info:    Checking defaults for TS1/cmr/m/n on input line 110.
LaTeX Font Info:    ... okay on input line 110.
LaTeX Font Info:    Checking defaults for OMX/cmex/m/n on input line 110.
LaTeX Font Info:    ... okay on input line 110.
LaTeX Font Info:    Checking defaults for U/cmr/m/n on input line 110.
LaTeX Font Info:    ... okay on input line 110.
LaTeX Font Info:    Checking defaults for PD1/pdf/m/n on input line 110.
LaTeX Font Info:    ... okay on input line 110.
LaTeX Font Info:    Checking defaults for PU/pdf/m/n on input line 110.
LaTeX Font Info:    ... okay on input line 110.
LaTeX Info: Redefining \. on input line 110.
LaTeX Info: Redefining \% on input line 110.

*geometry* driver: auto-detecting
*geometry* detected driver: pdftex
*geometry* verbose mode - [ preamble ] result:
* driver: pdftex
* paper: a4paper
* layout: <same size as paper>
* layoutoffset:(h,v)=(0.0pt,0.0pt)
* modes: includehead includefoot twoside 
* h-part:(L,W,R)=(42.67912pt, 519.26282pt, 35.56593pt)
* v-part:(T,H,B)=(42.67912pt, 773.91498pt, 28.45274pt)
* \paperwidth=597.50787pt
* \paperheight=845.04684pt
* \textwidth=455.24411pt
* \textheight=662.23584pt
* \oddsidemargin=13.08827pt
* \evensidemargin=-15.36449pt
* \topmargin=-15.36449pt
* \headheight=14.0pt
* \headsep=25.0pt
* \topskip=12.0pt
* \footskip=30.0pt
* \marginparwidth=95.0pt
* \marginparsep=10.0pt
* \columnsep=10.0pt
* \skip\footins=10.8pt plus 4.0pt minus 2.0pt
* \hoffset=0.0pt
* \voffset=0.0pt
* \mag=1000
* \@twocolumnfalse
* \@twosidetrue
* \@mparswitchtrue
* \@reversemarginfalse
* (1in=72.27pt=25.4mm, 1cm=28.453pt)

Package hyperref Info: Link coloring OFF on input line 110.
(./NotasCursoProbabilidad.out) (./NotasCursoProbabilidad.out)
\@outlinefile=\write3
\openout3 = `NotasCursoProbabilidad.out'.

\c@lstlisting=\count364

(/usr/local/texlive/2024/texmf-dist/tex/context/base/mkii/supp-pdf.mkii
[Loading MPS to PDF converter (version 2006.09.02).]
\scratchcounter=\count365
\scratchdimen=\dimen198
\scratchbox=\box107
\nofMPsegments=\count366
\nofMParguments=\count367
\everyMPshowfont=\toks42
\MPscratchCnt=\count368
\MPscratchDim=\dimen199
\MPnumerator=\count369
\makeMPintoPDFobject=\count370
\everyMPtoPDFconversion=\toks43
) (/usr/local/texlive/2024/texmf-dist/tex/latex/epstopdf-pkg/epstopdf-base.sty
Package: epstopdf-base 2020-01-24 v2.11 Base part for package epstopdf
Package epstopdf-base Info: Redefining graphics rule for `.eps' on input line 4
85.

(/usr/local/texlive/2024/texmf-dist/tex/latex/latexconfig/epstopdf-sys.cfg
File: epstopdf-sys.cfg 2010/07/13 v1.3 Configuration of (r)epstopdf for TeX Liv
e
))
Package caption Info: Begin \AtBeginDocument code.
Package caption Info: subfig package v1.3 is loaded.
Package caption Info: float package is loaded.
Package caption Info: rotating package is loaded.
Package caption Info: End \AtBeginDocument code.

[1

{/usr/local/texlive/2024/texmf-var/fonts/map/pdftex/updmap/pdftex.map}]
(./NotasCursoProbabilidad.toc
LaTeX Info: Redefining \. on input line 1.
LaTeX Info: Redefining \% on input line 1.
LaTeX Font Info:    Trying to load font information for U+msa on input line 3.

(/usr/local/texlive/2024/texmf-dist/tex/latex/amsfonts/umsa.fd
File: umsa.fd 2013/01/14 v3.01 AMS symbols A
)
LaTeX Font Info:    Trying to load font information for U+msb on input line 3.

(/usr/local/texlive/2024/texmf-dist/tex/latex/amsfonts/umsb.fd
File: umsb.fd 2013/01/14 v3.01 AMS symbols B
) [2])
\tf@toc=\write4
\openout4 = `NotasCursoProbabilidad.toc'.

LaTeX Info: Redefining \. on input line 146.
LaTeX Info: Redefining \% on input line 146.


Package fancyhdr Warning: \headheight is too small (14.0pt): 
(fancyhdr)                Make it at least 14.4521pt, for example:
(fancyhdr)                \setlength{\headheight}{14.4521pt}.
(fancyhdr)                You might also make \topmargin smaller to compensate:

(fancyhdr)                \addtolength{\topmargin}{-0.4521pt}.

LaTeX Info: Redefining \. on input line 146.
LaTeX Info: Redefining \% on input line 146.
[3] [4

] (./Cap0_Presentacion.tex
LaTeX Info: Redefining \. on input line 26.
LaTeX Info: Redefining \% on input line 26.

pdfTeX warning (ext4): destination with the same identifier (name{page.1}) has 
been already used, duplicate ignored
<to be read again> 
                   \relax 
l.26 \subsection{Programa del curso}
                                     [1]
LaTeX Info: Redefining \. on input line 82.
LaTeX Info: Redefining \% on input line 82.
LaTeX Info: Redefining \. on input line 82.
LaTeX Info: Redefining \% on input line 82.

pdfTeX warning (ext4): destination with the same identifier (name{page.2}) has 
been already used, duplicate ignored
<to be read again> 
                   \relax 
l.82   \item[4.2 ]
                   Distribuci\'on Normal [2]
LaTeX Info: Redefining \. on input line 126.
LaTeX Info: Redefining \% on input line 126.
LaTeX Info: Redefining \. on input line 126.
LaTeX Info: Redefining \% on input line 126.

pdfTeX warning (ext4): destination with the same identifier (name{page.3}) has 
been already used, duplicate ignored
<to be read again> 
                   \relax 
l.126 \item[1.4.2 ]
                    Teorema de probabilidad total [3]
LaTeX Info: Redefining \. on input line 162.
LaTeX Info: Redefining \% on input line 162.
LaTeX Info: Redefining \. on input line 162.
LaTeX Info: Redefining \% on input line 162.

pdfTeX warning (ext4): destination with the same identifier (name{page.4}) has 
been already used, duplicate ignored
<to be read again> 
                   \relax 
l.162 \item[3.3 ]
                  Distribuci\'on Binomial [4]
LaTeX Info: Redefining \. on input line 215.
LaTeX Info: Redefining \% on input line 215.
LaTeX Info: Redefining \. on input line 215.
LaTeX Info: Redefining \% on input line 215.
 [5{/usr/local/texlive/2024/texmf-dist/fonts/enc/dvips/cm-super/cm-super-ts1.en
c}]
<qr_curso_probabilidad.png, id=330, 371.3875pt x 371.3875pt>
File: qr_curso_probabilidad.png Graphic file (type png)
<use qr_curso_probabilidad.png>
Package pdftex.def Info: qr_curso_probabilidad.png  used on input line 280.
(pdftex.def)             Requested size: 170.71652pt x 170.72131pt.
LaTeX Info: Redefining \. on input line 282.
LaTeX Info: Redefining \% on input line 282.
LaTeX Info: Redefining \. on input line 282.
LaTeX Info: Redefining \% on input line 282.
 [6]
Underfull \hbox (badness 10000) in paragraph at lines 282--282
|[]\OT1/cmr/bx/n/14.4 Repositorio del cur-so|
 []

)
LaTeX Info: Redefining \. on input line 161.
LaTeX Info: Redefining \% on input line 161.
LaTeX Info: Redefining \. on input line 161.
LaTeX Info: Redefining \% on input line 161.
 [7 <./qr_curso_probabilidad.png>] (./Cap1_IntrodProb.tex
LaTeX Info: Redefining \. on input line 85.
LaTeX Info: Redefining \% on input line 85.
 [8]
LaTeX Info: Redefining \. on input line 150.
LaTeX Info: Redefining \% on input line 150.
LaTeX Info: Redefining \. on input line 150.
LaTeX Info: Redefining \% on input line 150.
 [9]
LaTeX Info: Redefining \. on input line 227.
LaTeX Info: Redefining \% on input line 227.
LaTeX Info: Redefining \. on input line 227.
LaTeX Info: Redefining \% on input line 227.
 [10]
LaTeX Info: Redefining \. on input line 287.
LaTeX Info: Redefining \% on input line 287.
LaTeX Info: Redefining \. on input line 287.
LaTeX Info: Redefining \% on input line 287.

[11]
LaTeX Info: Redefining \. on input line 353.
LaTeX Info: Redefining \% on input line 353.
LaTeX Info: Redefining \. on input line 353.
LaTeX Info: Redefining \% on input line 353.
 [12]
LaTeX Info: Redefining \. on input line 421.
LaTeX Info: Redefining \% on input line 421.
LaTeX Info: Redefining \. on input line 421.
LaTeX Info: Redefining \% on input line 421.
 [13]
Overfull \hbox (25.86703pt too wide) in paragraph at lines 462--463
[]\OT1/cmr/m/it/12 If $\OML/cmm/m/it/12 A[]; [] ; A[]$ \OT1/cmr/m/it/12 are mu-
tually ex-clu-si-ve events in $\OMS/cmsy/m/n/12 A$\OT1/cmr/m/it/12 , then $\OML
/cmm/m/it/12 P\OT1/cmr/m/n/12 (\OML/cmm/m/it/12 A[] \OMS/cmsy/m/n/12 [ [] [ \OM
L/cmm/m/it/12 A[]\OMS/cmsy/m/n/12 j\OML/cmm/m/it/12 B\OT1/cmr/m/n/12 ) = [][] \
OML/cmm/m/it/12 P\OT1/cmr/m/n/12 (\OML/cmm/m/it/12 A[]\OMS/cmsy/m/n/12 j\OML/cm
m/m/it/12 B\OT1/cmr/m/n/12 )\OML/cmm/m/it/12 :$ 
 []

LaTeX Info: Redefining \. on input line 496.
LaTeX Info: Redefining \% on input line 496.
LaTeX Info: Redefining \. on input line 496.
LaTeX Info: Redefining \% on input line 496.
[14]
LaTeX Info: Redefining \. on input line 567.
LaTeX Info: Redefining \% on input line 567.
LaTeX Info: Redefining \. on input line 567.
LaTeX Info: Redefining \% on input line 567.
 [15]
LaTeX Info: Redefining \. on input line 576.
LaTeX Info: Redefining \% on input line 576.
LaTeX Info: Redefining \. on input line 576.
LaTeX Info: Redefining \% on input line 576.
 [16]
LaTeX Info: Redefining \. on input line 633.
LaTeX Info: Redefining \% on input line 633.
LaTeX Info: Redefining \. on input line 633.
LaTeX Info: Redefining \% on input line 633.
 [17]
LaTeX Info: Redefining \. on input line 714.
LaTeX Info: Redefining \% on input line 714.
LaTeX Info: Redefining \. on input line 714.
LaTeX Info: Redefining \% on input line 714.
 [18]
LaTeX Info: Redefining \. on input line 814.
LaTeX Info: Redefining \% on input line 814.
LaTeX Info: Redefining \. on input line 814.
LaTeX Info: Redefining \% on input line 814.
 [19]
LaTeX Info: Redefining \. on input line 866.
LaTeX Info: Redefining \% on input line 866.
LaTeX Info: Redefining \. on input line 866.
LaTeX Info: Redefining \% on input line 866.
 [20]
LaTeX Info: Redefining \. on input line 964.
LaTeX Info: Redefining \% on input line 964.
LaTeX Info: Redefining \. on input line 964.
LaTeX Info: Redefining \% on input line 964.
 [21]
Overfull \hbox (21.77992pt too wide) in paragraph at lines 979--980
[]\OT1/cmr/m/it/12 Sea $\OML/cmm/m/it/12 A \OT1/cmr/m/n/12 = []$\OT1/cmr/m/it/1
2 , $\OML/cmm/m/it/12 B \OT1/cmr/m/n/12 = []$\OT1/cmr/m/it/12 , $\OML/cmm/m/it/
12 C \OT1/cmr/m/n/12 = []$\OT1/cmr/m/it/12 ,
 []


Overfull \hbox (69.57149pt too wide) in paragraph at lines 983--984
[]\OT1/cmr/m/it/12 Sea $\OML/cmm/m/it/12 A \OT1/cmr/m/n/12 = []$\OT1/cmr/m/it/1
2 , $\OML/cmm/m/it/12 B \OT1/cmr/m/n/12 = []$\OT1/cmr/m/it/12 ,
 []

LaTeX Info: Redefining \. on input line 1005.
LaTeX Info: Redefining \% on input line 1005.
LaTeX Info: Redefining \. on input line 1005.
LaTeX Info: Redefining \% on input line 1005.
[22]
LaTeX Info: Redefining \. on input line 1056.
LaTeX Info: Redefining \% on input line 1056.
LaTeX Info: Redefining \. on input line 1056.
LaTeX Info: Redefining \% on input line 1056.
 [23]
LaTeX Info: Redefining \. on input line 1085.
LaTeX Info: Redefining \% on input line 1085.
LaTeX Info: Redefining \. on input line 1085.
LaTeX Info: Redefining \% on input line 1085.
 [24]
LaTeX Info: Redefining \. on input line 1124.
LaTeX Info: Redefining \% on input line 1124.
LaTeX Info: Redefining \. on input line 1124.
LaTeX Info: Redefining \% on input line 1124.
 [25]
LaTeX Info: Redefining \. on input line 1152.
LaTeX Info: Redefining \% on input line 1152.
LaTeX Info: Redefining \. on input line 1152.
LaTeX Info: Redefining \% on input line 1152.
 [26]
LaTeX Info: Redefining \. on input line 1203.
LaTeX Info: Redefining \% on input line 1203.
LaTeX Info: Redefining \. on input line 1203.
LaTeX Info: Redefining \% on input line 1203.
 [27]
LaTeX Info: Redefining \. on input line 1240.
LaTeX Info: Redefining \% on input line 1240.
LaTeX Info: Redefining \. on input line 1240.
LaTeX Info: Redefining \% on input line 1240.
 [28]
LaTeX Info: Redefining \. on input line 1265.
LaTeX Info: Redefining \% on input line 1265.
LaTeX Info: Redefining \. on input line 1265.
LaTeX Info: Redefining \% on input line 1265.
 [29]
LaTeX Info: Redefining \. on input line 1302.
LaTeX Info: Redefining \% on input line 1302.
LaTeX Info: Redefining \. on input line 1302.
LaTeX Info: Redefining \% on input line 1302.
 [30]
LaTeX Info: Redefining \. on input line 1335.
LaTeX Info: Redefining \% on input line 1335.
LaTeX Info: Redefining \. on input line 1335.
LaTeX Info: Redefining \% on input line 1335.
 [31]
LaTeX Info: Redefining \. on input line 1371.
LaTeX Info: Redefining \% on input line 1371.
LaTeX Info: Redefining \. on input line 1371.
LaTeX Info: Redefining \% on input line 1371.
 [32]
LaTeX Info: Redefining \. on input line 1408.
LaTeX Info: Redefining \% on input line 1408.
LaTeX Info: Redefining \. on input line 1408.
LaTeX Info: Redefining \% on input line 1408.
 [33]
LaTeX Info: Redefining \. on input line 1443.
LaTeX Info: Redefining \% on input line 1443.
LaTeX Info: Redefining \. on input line 1443.
LaTeX Info: Redefining \% on input line 1443.
 [34]
LaTeX Info: Redefining \. on input line 1479.
LaTeX Info: Redefining \% on input line 1479.
LaTeX Info: Redefining \. on input line 1479.
LaTeX Info: Redefining \% on input line 1479.
 [35]
Overfull \hbox (3.68434pt too wide) in paragraph at lines 1501--1502
[][]\OT1/cmr/m/it/12 ?`Cu^^Santos n^^Sume-ros im-pa-res se pue-den for-mar con 
los d^^S^^Pgi-tos $\OT1/cmr/m/n/12 3\OML/cmm/m/it/12 ; \OT1/cmr/m/n/12 4\OML/cm
m/m/it/12 ; \OT1/cmr/m/n/12 6\OML/cmm/m/it/12 ; \OT1/cmr/m/n/12 9$
 []

LaTeX Info: Redefining \. on input line 1508.
LaTeX Info: Redefining \% on input line 1508.
LaTeX Info: Redefining \. on input line 1508.
LaTeX Info: Redefining \% on input line 1508.
[36]
LaTeX Info: Redefining \. on input line 1539.
LaTeX Info: Redefining \% on input line 1539.
LaTeX Info: Redefining \. on input line 1539.
LaTeX Info: Redefining \% on input line 1539.
 [37]
LaTeX Info: Redefining \. on input line 1596.
LaTeX Info: Redefining \% on input line 1596.
LaTeX Info: Redefining \. on input line 1596.
LaTeX Info: Redefining \% on input line 1596.
 [38]
LaTeX Info: Redefining \. on input line 1630.
LaTeX Info: Redefining \% on input line 1630.
LaTeX Info: Redefining \. on input line 1630.
LaTeX Info: Redefining \% on input line 1630.
 [39]
LaTeX Info: Redefining \. on input line 1660.
LaTeX Info: Redefining \% on input line 1660.
LaTeX Info: Redefining \. on input line 1660.
LaTeX Info: Redefining \% on input line 1660.
 [40]
LaTeX Info: Redefining \. on input line 1694.
LaTeX Info: Redefining \% on input line 1694.
LaTeX Info: Redefining \. on input line 1694.
LaTeX Info: Redefining \% on input line 1694.
 [41]
LaTeX Info: Redefining \. on input line 1731.
LaTeX Info: Redefining \% on input line 1731.
LaTeX Info: Redefining \. on input line 1731.
LaTeX Info: Redefining \% on input line 1731.
 [42]
LaTeX Info: Redefining \. on input line 1781.
LaTeX Info: Redefining \% on input line 1781.
LaTeX Info: Redefining \. on input line 1781.
LaTeX Info: Redefining \% on input line 1781.
 [43]
LaTeX Info: Redefining \. on input line 1809.
LaTeX Info: Redefining \% on input line 1809.
LaTeX Info: Redefining \. on input line 1809.
LaTeX Info: Redefining \% on input line 1809.
 [44]
Overfull \hbox (18.10028pt too wide) in paragraph at lines 1814--1824
 [] 
 []

LaTeX Info: Redefining \. on input line 1837.
LaTeX Info: Redefining \% on input line 1837.
LaTeX Info: Redefining \. on input line 1837.
LaTeX Info: Redefining \% on input line 1837.
[45]
LaTeX Info: Redefining \. on input line 1869.
LaTeX Info: Redefining \% on input line 1869.
LaTeX Info: Redefining \. on input line 1869.
LaTeX Info: Redefining \% on input line 1869.
 [46]
LaTeX Info: Redefining \. on input line 1897.
LaTeX Info: Redefining \% on input line 1897.
LaTeX Info: Redefining \. on input line 1897.
LaTeX Info: Redefining \% on input line 1897.
 [47])
LaTeX Info: Redefining \. on input line 163.
LaTeX Info: Redefining \% on input line 163.
LaTeX Info: Redefining \. on input line 163.
LaTeX Info: Redefining \% on input line 163.
 [48] (./Cap2_VariablesAleatorias.tex
Overfull \hbox (7.08353pt too wide) in paragraph at lines 28--30
[]\OT1/cmr/m/it/12 Primero ha-lla-mos la cons-tan-te de nor-ma-li-za-ci^^Son $\
OML/cmm/m/it/12 C$\OT1/cmr/m/it/12 , lo cual re-quie-re co-no-cer $[][] \OML/cm
m/m/it/12 e[] dx$\OT1/cmr/m/it/12 . 
 []

LaTeX Info: Redefining \. on input line 77.
LaTeX Info: Redefining \% on input line 77.
[49]
LaTeX Info: Redefining \. on input line 155.
LaTeX Info: Redefining \% on input line 155.
 [50]
LaTeX Info: Redefining \. on input line 232.
LaTeX Info: Redefining \% on input line 232.
LaTeX Info: Redefining \. on input line 232.
LaTeX Info: Redefining \% on input line 232.
 [51]
LaTeX Info: Redefining \. on input line 271.
LaTeX Info: Redefining \% on input line 271.
LaTeX Info: Redefining \. on input line 271.
LaTeX Info: Redefining \% on input line 271.
 [52]
LaTeX Info: Redefining \. on input line 332.
LaTeX Info: Redefining \% on input line 332.
LaTeX Info: Redefining \. on input line 332.
LaTeX Info: Redefining \% on input line 332.
 [53]
LaTeX Info: Redefining \. on input line 397.
LaTeX Info: Redefining \% on input line 397.
LaTeX Info: Redefining \. on input line 397.
LaTeX Info: Redefining \% on input line 397.
 [54
pdfTeX warning (ext4): destination with the same identifier (name{equation.3.9}
) has been already used, duplicate ignored
<argument> ...shipout:D \box_use:N \l_shipout_box 
                                                  \__shipout_drop_firstpage_...
l.397 \end{equation}
                    ]
Overfull \hbox (16.81822pt too wide) in paragraph at lines 464--465
[][]\OT1/cmr/bx/n/12 Definici^^Son 3.16. []\OT1/cmr/m/it/12 Sea $\OML/cmm/m/it/
12 X$ \OT1/cmr/m/it/12 va-ria-ble alea-to-ria, tal que se dis-tri-bu-ye Poisson
$\OT1/cmr/m/n/12 (\OML/cmm/m/it/12 ^^U\OT1/cmr/m/n/12 )$\OT1/cmr/m/it/12 , $\OM
L/cmm/m/it/12 x \OMS/cmsy/m/n/12 2 f\OT1/cmr/m/n/12 0\OML/cmm/m/it/12 ; \OT1/cm
r/m/n/12 1\OML/cmm/m/it/12 ; \OT1/cmr/m/n/12 2\OML/cmm/m/it/12 ; [] \OMS/cmsy/m
/n/12 g$\OT1/cmr/m/it/12 ,
 []

LaTeX Info: Redefining \. on input line 465.
LaTeX Info: Redefining \% on input line 465.
LaTeX Info: Redefining \. on input line 465.
LaTeX Info: Redefining \% on input line 465.
[55]

Package hyperref Warning: Token not allowed in a PDF string (Unicode):
(hyperref)                removing `math shift' on input line 517.


Package hyperref Warning: Token not allowed in a PDF string (Unicode):
(hyperref)                removing `\chi' on input line 517.


Package hyperref Warning: Token not allowed in a PDF string (Unicode):
(hyperref)                removing `superscript' on input line 517.


Package hyperref Warning: Token not allowed in a PDF string (Unicode):
(hyperref)                removing `math shift' on input line 517.

LaTeX Info: Redefining \. on input line 522.
LaTeX Info: Redefining \% on input line 522.
LaTeX Info: Redefining \. on input line 522.
LaTeX Info: Redefining \% on input line 522.
[56]
Overfull \hbox (2.49208pt too wide) in paragraph at lines 536--537
[][]\OT1/cmr/bx/n/12 Definici^^Son 3.24. []\OT1/cmr/m/it/12 Sea $\OML/cmm/m/it/
12 X$ \OT1/cmr/m/it/12 va-ria-ble alea-to-ria, tal que se dis-tri-bu-ye Hi-per-
geom^^Setrica$\OT1/cmr/m/n/12 (\OML/cmm/m/it/12 N; M; n\OT1/cmr/m/n/12 )$\OT1/c
mr/m/it/12 ,
 []


Overfull \hbox (14.59721pt too wide) in paragraph at lines 536--537
\OT1/cmr/m/it/12 Par^^Same-tros: $\OML/cmm/m/it/12 N$ \OT1/cmr/m/it/12 to-tal, 
$\OML/cmm/m/it/12 M$ \OT1/cmr/m/it/12 ^^Sexi-tos en la po-bla-ci^^Son, $\OML/cm
m/m/it/12 n$ \OT1/cmr/m/it/12 ex-trac-cio-nes sin re-em-pla-zo. $\OML/cmm/m/it/
12 x \OMS/cmsy/m/n/12 2 f[]\OT1/cmr/m/n/12 (0\OML/cmm/m/it/12 ;  n \OMS/cmsy/m/
n/12 ^^@
 []


Package hyperref Warning: Token not allowed in a PDF string (Unicode):
(hyperref)                removing `math shift' on input line 564.


Package hyperref Warning: Token not allowed in a PDF string (Unicode):
(hyperref)                removing `math shift' on input line 564.

LaTeX Info: Redefining \. on input line 577.
LaTeX Info: Redefining \% on input line 577.
LaTeX Info: Redefining \. on input line 577.
LaTeX Info: Redefining \% on input line 577.
[57]
LaTeX Info: Redefining \. on input line 626.
LaTeX Info: Redefining \% on input line 626.
LaTeX Info: Redefining \. on input line 626.
LaTeX Info: Redefining \% on input line 626.
 [58]
LaTeX Info: Redefining \. on input line 677.
LaTeX Info: Redefining \% on input line 677.
LaTeX Info: Redefining \. on input line 677.
LaTeX Info: Redefining \% on input line 677.
 [59]
LaTeX Info: Redefining \. on input line 700.
LaTeX Info: Redefining \% on input line 700.
LaTeX Info: Redefining \. on input line 700.
LaTeX Info: Redefining \% on input line 700.
 [60]
LaTeX Info: Redefining \. on input line 731.
LaTeX Info: Redefining \% on input line 731.
LaTeX Info: Redefining \. on input line 731.
LaTeX Info: Redefining \% on input line 731.
 [61]
LaTeX Info: Redefining \. on input line 771.
LaTeX Info: Redefining \% on input line 771.
LaTeX Info: Redefining \. on input line 771.
LaTeX Info: Redefining \% on input line 771.
 [62]
LaTeX Info: Redefining \. on input line 793.
LaTeX Info: Redefining \% on input line 793.
LaTeX Info: Redefining \. on input line 793.
LaTeX Info: Redefining \% on input line 793.
 [63]
LaTeX Info: Redefining \. on input line 823.
LaTeX Info: Redefining \% on input line 823.
LaTeX Info: Redefining \. on input line 823.
LaTeX Info: Redefining \% on input line 823.
 [64]
LaTeX Info: Redefining \. on input line 865.
LaTeX Info: Redefining \% on input line 865.
LaTeX Info: Redefining \. on input line 865.
LaTeX Info: Redefining \% on input line 865.
 [65]
LaTeX Info: Redefining \. on input line 885.
LaTeX Info: Redefining \% on input line 885.
LaTeX Info: Redefining \. on input line 885.
LaTeX Info: Redefining \% on input line 885.
 [66]
LaTeX Info: Redefining \. on input line 915.
LaTeX Info: Redefining \% on input line 915.
LaTeX Info: Redefining \. on input line 915.
LaTeX Info: Redefining \% on input line 915.
 [67]
LaTeX Info: Redefining \. on input line 939.
LaTeX Info: Redefining \% on input line 939.
LaTeX Info: Redefining \. on input line 939.
LaTeX Info: Redefining \% on input line 939.
 [68]
LaTeX Info: Redefining \. on input line 964.
LaTeX Info: Redefining \% on input line 964.
LaTeX Info: Redefining \. on input line 964.
LaTeX Info: Redefining \% on input line 964.
 [69]
LaTeX Info: Redefining \. on input line 991.
LaTeX Info: Redefining \% on input line 991.
LaTeX Info: Redefining \. on input line 991.
LaTeX Info: Redefining \% on input line 991.
 [70]
LaTeX Info: Redefining \. on input line 1018.
LaTeX Info: Redefining \% on input line 1018.
LaTeX Info: Redefining \. on input line 1018.
LaTeX Info: Redefining \% on input line 1018.
 [71]
LaTeX Info: Redefining \. on input line 1048.
LaTeX Info: Redefining \% on input line 1048.
LaTeX Info: Redefining \. on input line 1048.
LaTeX Info: Redefining \% on input line 1048.

[72]
LaTeX Info: Redefining \. on input line 1089.
LaTeX Info: Redefining \% on input line 1089.
LaTeX Info: Redefining \. on input line 1089.
LaTeX Info: Redefining \% on input line 1089.
 [73]
LaTeX Info: Redefining \. on input line 1099.
LaTeX Info: Redefining \% on input line 1099.
LaTeX Info: Redefining \. on input line 1099.
LaTeX Info: Redefining \% on input line 1099.
 [74]
LaTeX Info: Redefining \. on input line 1125.
LaTeX Info: Redefining \% on input line 1125.
LaTeX Info: Redefining \. on input line 1125.
LaTeX Info: Redefining \% on input line 1125.
 [75]
LaTeX Info: Redefining \. on input line 1166.
LaTeX Info: Redefining \% on input line 1166.
LaTeX Info: Redefining \. on input line 1166.
LaTeX Info: Redefining \% on input line 1166.
 [76]
LaTeX Info: Redefining \. on input line 1186.
LaTeX Info: Redefining \% on input line 1186.
LaTeX Info: Redefining \. on input line 1186.
LaTeX Info: Redefining \% on input line 1186.
 [77]
LaTeX Info: Redefining \. on input line 1214.
LaTeX Info: Redefining \% on input line 1214.
LaTeX Info: Redefining \. on input line 1214.
LaTeX Info: Redefining \% on input line 1214.
 [78]
LaTeX Info: Redefining \. on input line 1232.
LaTeX Info: Redefining \% on input line 1232.
LaTeX Info: Redefining \. on input line 1232.
LaTeX Info: Redefining \% on input line 1232.
 [79]

Package hyperref Warning: Token not allowed in a PDF string (Unicode):
(hyperref)                removing `math shift' on input line 1257.


Package hyperref Warning: Token not allowed in a PDF string (Unicode):
(hyperref)                removing `\chi' on input line 1257.


Package hyperref Warning: Token not allowed in a PDF string (Unicode):
(hyperref)                removing `superscript' on input line 1257.


Package hyperref Warning: Token not allowed in a PDF string (Unicode):
(hyperref)                removing `math shift' on input line 1257.

LaTeX Info: Redefining \. on input line 1263.
LaTeX Info: Redefining \% on input line 1263.
LaTeX Info: Redefining \. on input line 1263.
LaTeX Info: Redefining \% on input line 1263.
[80]
LaTeX Info: Redefining \. on input line 1271.
LaTeX Info: Redefining \% on input line 1271.
LaTeX Info: Redefining \. on input line 1271.
LaTeX Info: Redefining \% on input line 1271.
 [81]
LaTeX Info: Redefining \. on input line 1290.
LaTeX Info: Redefining \% on input line 1290.
LaTeX Info: Redefining \. on input line 1290.
LaTeX Info: Redefining \% on input line 1290.
 [82]
LaTeX Info: Redefining \. on input line 1315.
LaTeX Info: Redefining \% on input line 1315.
LaTeX Info: Redefining \. on input line 1315.
LaTeX Info: Redefining \% on input line 1315.
 [83]
LaTeX Info: Redefining \. on input line 1335.
LaTeX Info: Redefining \% on input line 1335.
LaTeX Info: Redefining \. on input line 1335.
LaTeX Info: Redefining \% on input line 1335.
 [84]
LaTeX Info: Redefining \. on input line 1362.
LaTeX Info: Redefining \% on input line 1362.
LaTeX Info: Redefining \. on input line 1362.
LaTeX Info: Redefining \% on input line 1362.
 [85]
LaTeX Info: Redefining \. on input line 1391.
LaTeX Info: Redefining \% on input line 1391.
LaTeX Info: Redefining \. on input line 1391.
LaTeX Info: Redefining \% on input line 1391.
 [86]
LaTeX Info: Redefining \. on input line 1431.
LaTeX Info: Redefining \% on input line 1431.
LaTeX Info: Redefining \. on input line 1431.
LaTeX Info: Redefining \% on input line 1431.
 [87]
LaTeX Info: Redefining \. on input line 1459.
LaTeX Info: Redefining \% on input line 1459.
LaTeX Info: Redefining \. on input line 1459.
LaTeX Info: Redefining \% on input line 1459.
 [88]
LaTeX Info: Redefining \. on input line 1510.
LaTeX Info: Redefining \% on input line 1510.
LaTeX Info: Redefining \. on input line 1510.
LaTeX Info: Redefining \% on input line 1510.
 [89]
LaTeX Info: Redefining \. on input line 1546.
LaTeX Info: Redefining \% on input line 1546.
LaTeX Info: Redefining \. on input line 1546.
LaTeX Info: Redefining \% on input line 1546.
 [90]
LaTeX Info: Redefining \. on input line 1578.
LaTeX Info: Redefining \% on input line 1578.
LaTeX Info: Redefining \. on input line 1578.
LaTeX Info: Redefining \% on input line 1578.
 [91]
LaTeX Info: Redefining \. on input line 1591.
LaTeX Info: Redefining \% on input line 1591.
LaTeX Info: Redefining \. on input line 1591.
LaTeX Info: Redefining \% on input line 1591.
 [92]
LaTeX Info: Redefining \. on input line 1611.
LaTeX Info: Redefining \% on input line 1611.
LaTeX Info: Redefining \. on input line 1611.
LaTeX Info: Redefining \% on input line 1611.
 [93]
LaTeX Info: Redefining \. on input line 1632.
LaTeX Info: Redefining \% on input line 1632.
LaTeX Info: Redefining \. on input line 1632.
LaTeX Info: Redefining \% on input line 1632.
 [94]
LaTeX Info: Redefining \. on input line 1643.
LaTeX Info: Redefining \% on input line 1643.
LaTeX Info: Redefining \. on input line 1643.
LaTeX Info: Redefining \% on input line 1643.

[95]
LaTeX Info: Redefining \. on input line 1668.
LaTeX Info: Redefining \% on input line 1668.
LaTeX Info: Redefining \. on input line 1668.
LaTeX Info: Redefining \% on input line 1668.
 [96]
LaTeX Info: Redefining \. on input line 1699.
LaTeX Info: Redefining \% on input line 1699.
LaTeX Info: Redefining \. on input line 1699.
LaTeX Info: Redefining \% on input line 1699.
 [97]
LaTeX Info: Redefining \. on input line 1720.
LaTeX Info: Redefining \% on input line 1720.
LaTeX Info: Redefining \. on input line 1720.
LaTeX Info: Redefining \% on input line 1720.
 [98]
LaTeX Info: Redefining \. on input line 1752.
LaTeX Info: Redefining \% on input line 1752.
LaTeX Info: Redefining \. on input line 1752.
LaTeX Info: Redefining \% on input line 1752.
 [99]
LaTeX Info: Redefining \. on input line 1780.
LaTeX Info: Redefining \% on input line 1780.
LaTeX Info: Redefining \. on input line 1780.
LaTeX Info: Redefining \% on input line 1780.
 [100]
LaTeX Info: Redefining \. on input line 1799.
LaTeX Info: Redefining \% on input line 1799.
LaTeX Info: Redefining \. on input line 1799.
LaTeX Info: Redefining \% on input line 1799.
 [101]
LaTeX Info: Redefining \. on input line 1830.
LaTeX Info: Redefining \% on input line 1830.
LaTeX Info: Redefining \. on input line 1830.
LaTeX Info: Redefining \% on input line 1830.
 [102]
LaTeX Info: Redefining \. on input line 1862.
LaTeX Info: Redefining \% on input line 1862.
LaTeX Info: Redefining \. on input line 1862.
LaTeX Info: Redefining \% on input line 1862.
 [103]
LaTeX Info: Redefining \. on input line 1896.
LaTeX Info: Redefining \% on input line 1896.
LaTeX Info: Redefining \. on input line 1896.
LaTeX Info: Redefining \% on input line 1896.
 [104]
LaTeX Info: Redefining \. on input line 1914.
LaTeX Info: Redefining \% on input line 1914.
LaTeX Info: Redefining \. on input line 1914.
LaTeX Info: Redefining \% on input line 1914.
 [105]
LaTeX Info: Redefining \. on input line 1942.
LaTeX Info: Redefining \% on input line 1942.
LaTeX Info: Redefining \. on input line 1942.
LaTeX Info: Redefining \% on input line 1942.
 [106]
LaTeX Info: Redefining \. on input line 1970.
LaTeX Info: Redefining \% on input line 1970.
LaTeX Info: Redefining \. on input line 1970.
LaTeX Info: Redefining \% on input line 1970.
 [107]
LaTeX Info: Redefining \. on input line 1989.
LaTeX Info: Redefining \% on input line 1989.
LaTeX Info: Redefining \. on input line 1989.
LaTeX Info: Redefining \% on input line 1989.

[108]
LaTeX Info: Redefining \. on input line 2016.
LaTeX Info: Redefining \% on input line 2016.
LaTeX Info: Redefining \. on input line 2016.
LaTeX Info: Redefining \% on input line 2016.
 [109]
LaTeX Info: Redefining \. on input line 2047.
LaTeX Info: Redefining \% on input line 2047.
LaTeX Info: Redefining \. on input line 2047.
LaTeX Info: Redefining \% on input line 2047.
 [110]
LaTeX Info: Redefining \. on input line 2068.
LaTeX Info: Redefining \% on input line 2068.
LaTeX Info: Redefining \. on input line 2068.
LaTeX Info: Redefining \% on input line 2068.
 [111]
LaTeX Info: Redefining \. on input line 2099.
LaTeX Info: Redefining \% on input line 2099.
LaTeX Info: Redefining \. on input line 2099.
LaTeX Info: Redefining \% on input line 2099.
 [112]
LaTeX Info: Redefining \. on input line 2130.
LaTeX Info: Redefining \% on input line 2130.
LaTeX Info: Redefining \. on input line 2130.
LaTeX Info: Redefining \% on input line 2130.
 [113]
LaTeX Info: Redefining \. on input line 2158.
LaTeX Info: Redefining \% on input line 2158.
LaTeX Info: Redefining \. on input line 2158.
LaTeX Info: Redefining \% on input line 2158.
 [114]
LaTeX Info: Redefining \. on input line 2177.
LaTeX Info: Redefining \% on input line 2177.
LaTeX Info: Redefining \. on input line 2177.
LaTeX Info: Redefining \% on input line 2177.
 [115]
LaTeX Info: Redefining \. on input line 2208.
LaTeX Info: Redefining \% on input line 2208.
LaTeX Info: Redefining \. on input line 2208.
LaTeX Info: Redefining \% on input line 2208.
 [116]
LaTeX Info: Redefining \. on input line 2235.
LaTeX Info: Redefining \% on input line 2235.
LaTeX Info: Redefining \. on input line 2235.
LaTeX Info: Redefining \% on input line 2235.
 [117]
LaTeX Info: Redefining \. on input line 2257.
LaTeX Info: Redefining \% on input line 2257.
LaTeX Info: Redefining \. on input line 2257.
LaTeX Info: Redefining \% on input line 2257.
 [118]
LaTeX Info: Redefining \. on input line 2288.
LaTeX Info: Redefining \% on input line 2288.
LaTeX Info: Redefining \. on input line 2288.
LaTeX Info: Redefining \% on input line 2288.
 [119]
LaTeX Info: Redefining \. on input line 2319.
LaTeX Info: Redefining \% on input line 2319.
LaTeX Info: Redefining \. on input line 2319.
LaTeX Info: Redefining \% on input line 2319.

[120]
LaTeX Info: Redefining \. on input line 2352.
LaTeX Info: Redefining \% on input line 2352.
LaTeX Info: Redefining \. on input line 2352.
LaTeX Info: Redefining \% on input line 2352.
 [121]
LaTeX Info: Redefining \. on input line 2376.
LaTeX Info: Redefining \% on input line 2376.
LaTeX Info: Redefining \. on input line 2376.
LaTeX Info: Redefining \% on input line 2376.
 [122]
LaTeX Info: Redefining \. on input line 2406.
LaTeX Info: Redefining \% on input line 2406.
LaTeX Info: Redefining \. on input line 2406.
LaTeX Info: Redefining \% on input line 2406.
 [123]
LaTeX Info: Redefining \. on input line 2436.
LaTeX Info: Redefining \% on input line 2436.
LaTeX Info: Redefining \. on input line 2436.
LaTeX Info: Redefining \% on input line 2436.
 [124]
LaTeX Info: Redefining \. on input line 2458.
LaTeX Info: Redefining \% on input line 2458.
LaTeX Info: Redefining \. on input line 2458.
LaTeX Info: Redefining \% on input line 2458.
 [125]
LaTeX Info: Redefining \. on input line 2487.
LaTeX Info: Redefining \% on input line 2487.
LaTeX Info: Redefining \. on input line 2487.
LaTeX Info: Redefining \% on input line 2487.
 [126]
LaTeX Info: Redefining \. on input line 2518.
LaTeX Info: Redefining \% on input line 2518.
LaTeX Info: Redefining \. on input line 2518.
LaTeX Info: Redefining \% on input line 2518.
 [127]
LaTeX Info: Redefining \. on input line 2549.
LaTeX Info: Redefining \% on input line 2549.
LaTeX Info: Redefining \. on input line 2549.
LaTeX Info: Redefining \% on input line 2549.
 [128]
LaTeX Info: Redefining \. on input line 2569.
LaTeX Info: Redefining \% on input line 2569.
LaTeX Info: Redefining \. on input line 2569.
LaTeX Info: Redefining \% on input line 2569.
 [129]
LaTeX Info: Redefining \. on input line 2598.
LaTeX Info: Redefining \% on input line 2598.
LaTeX Info: Redefining \. on input line 2598.
LaTeX Info: Redefining \% on input line 2598.
 [130]
LaTeX Info: Redefining \. on input line 2624.
LaTeX Info: Redefining \% on input line 2624.
LaTeX Info: Redefining \. on input line 2624.
LaTeX Info: Redefining \% on input line 2624.
 [131]
LaTeX Info: Redefining \. on input line 2644.
LaTeX Info: Redefining \% on input line 2644.
LaTeX Info: Redefining \. on input line 2644.
LaTeX Info: Redefining \% on input line 2644.

[132]
LaTeX Info: Redefining \. on input line 2668.
LaTeX Info: Redefining \% on input line 2668.
LaTeX Info: Redefining \. on input line 2668.
LaTeX Info: Redefining \% on input line 2668.
 [133]
LaTeX Info: Redefining \. on input line 2687.
LaTeX Info: Redefining \% on input line 2687.
LaTeX Info: Redefining \. on input line 2687.
LaTeX Info: Redefining \% on input line 2687.
 [134]
LaTeX Info: Redefining \. on input line 2709.
LaTeX Info: Redefining \% on input line 2709.
LaTeX Info: Redefining \. on input line 2709.
LaTeX Info: Redefining \% on input line 2709.
 [135]
LaTeX Info: Redefining \. on input line 2722.
LaTeX Info: Redefining \% on input line 2722.
LaTeX Info: Redefining \. on input line 2722.
LaTeX Info: Redefining \% on input line 2722.
 [136]
LaTeX Info: Redefining \. on input line 2743.
LaTeX Info: Redefining \% on input line 2743.
LaTeX Info: Redefining \. on input line 2743.
LaTeX Info: Redefining \% on input line 2743.
 [137]
LaTeX Info: Redefining \. on input line 2758.
LaTeX Info: Redefining \% on input line 2758.
LaTeX Info: Redefining \. on input line 2758.
LaTeX Info: Redefining \% on input line 2758.
 [138]
LaTeX Info: Redefining \. on input line 2781.
LaTeX Info: Redefining \% on input line 2781.
LaTeX Info: Redefining \. on input line 2781.
LaTeX Info: Redefining \% on input line 2781.
 [139]
LaTeX Info: Redefining \. on input line 2797.
LaTeX Info: Redefining \% on input line 2797.
LaTeX Info: Redefining \. on input line 2797.
LaTeX Info: Redefining \% on input line 2797.
 [140]
LaTeX Info: Redefining \. on input line 2821.
LaTeX Info: Redefining \% on input line 2821.
LaTeX Info: Redefining \. on input line 2821.
LaTeX Info: Redefining \% on input line 2821.
 [141]
LaTeX Info: Redefining \. on input line 2837.
LaTeX Info: Redefining \% on input line 2837.
LaTeX Info: Redefining \. on input line 2837.
LaTeX Info: Redefining \% on input line 2837.
 [142]
LaTeX Info: Redefining \. on input line 2861.
LaTeX Info: Redefining \% on input line 2861.
LaTeX Info: Redefining \. on input line 2861.
LaTeX Info: Redefining \% on input line 2861.
 [143]
LaTeX Info: Redefining \. on input line 2884.
LaTeX Info: Redefining \% on input line 2884.
LaTeX Info: Redefining \. on input line 2884.
LaTeX Info: Redefining \% on input line 2884.

[144]
LaTeX Info: Redefining \. on input line 2911.
LaTeX Info: Redefining \% on input line 2911.
LaTeX Info: Redefining \. on input line 2911.
LaTeX Info: Redefining \% on input line 2911.
 [145]
LaTeX Info: Redefining \. on input line 2942.
LaTeX Info: Redefining \% on input line 2942.
LaTeX Info: Redefining \. on input line 2942.
LaTeX Info: Redefining \% on input line 2942.
 [146]
LaTeX Info: Redefining \. on input line 2953.
LaTeX Info: Redefining \% on input line 2953.
LaTeX Info: Redefining \. on input line 2953.
LaTeX Info: Redefining \% on input line 2953.
 [147]
LaTeX Info: Redefining \. on input line 2978.
LaTeX Info: Redefining \% on input line 2978.
LaTeX Info: Redefining \. on input line 2978.
LaTeX Info: Redefining \% on input line 2978.
 [148]
LaTeX Info: Redefining \. on input line 2994.
LaTeX Info: Redefining \% on input line 2994.
LaTeX Info: Redefining \. on input line 2994.
LaTeX Info: Redefining \% on input line 2994.
 [149]
LaTeX Info: Redefining \. on input line 3027.
LaTeX Info: Redefining \% on input line 3027.
LaTeX Info: Redefining \. on input line 3027.
LaTeX Info: Redefining \% on input line 3027.
 [150]
LaTeX Info: Redefining \. on input line 3075.
LaTeX Info: Redefining \% on input line 3075.
LaTeX Info: Redefining \. on input line 3075.
LaTeX Info: Redefining \% on input line 3075.
 [151]
LaTeX Info: Redefining \. on input line 3110.
LaTeX Info: Redefining \% on input line 3110.
LaTeX Info: Redefining \. on input line 3110.
LaTeX Info: Redefining \% on input line 3110.
 [152]
LaTeX Info: Redefining \. on input line 3157.
LaTeX Info: Redefining \% on input line 3157.
LaTeX Info: Redefining \. on input line 3157.
LaTeX Info: Redefining \% on input line 3157.
 [153])
(./NotasCursoProbabilidad.aux
LaTeX Info: Redefining \. on input line 12.
LaTeX Info: Redefining \% on input line 12.
)
 ***********
LaTeX2e <2023-11-01> patch level 1
L3 programming layer <2024-02-20>
 ***********
Package rerunfilecheck Info: File `NotasCursoProbabilidad.out' has not changed.

(rerunfilecheck)             Checksum: 5E016065301D14D5A5B080071555390C;10154.
 ) 
Here is how much of TeX's memory you used:
 19750 strings out of 474116
 297656 string characters out of 5743681
 1952187 words of memory out of 5000000
 40010 multiletter control sequences out of 15000+600000
 568636 words of font info for 73 fonts, out of 8000000 for 9000
 1141 hyphenation exceptions out of 8191
 75i,15n,79p,1154b,924s stack positions out of 10000i,1000n,20000p,200000b,200000s
</usr/local/texlive/2024/texmf-dist/fonts/type1/public/amsfonts/cm/cmbx12.pfb
></usr/local/texlive/2024/texmf-dist/fonts/type1/public/amsfonts/cm/cmbxti10.pf
b></usr/local/texlive/2024/texmf-dist/fonts/type1/public/amsfonts/cm/cmex10.pfb
></usr/local/texlive/2024/texmf-dist/fonts/type1/public/amsfonts/cm/cmmi12.pfb>
</usr/local/texlive/2024/texmf-dist/fonts/type1/public/amsfonts/cm/cmmi6.pfb></
usr/local/texlive/2024/texmf-dist/fonts/type1/public/amsfonts/cm/cmmi8.pfb></us
r/local/texlive/2024/texmf-dist/fonts/type1/public/amsfonts/cm/cmr10.pfb></usr/
local/texlive/2024/texmf-dist/fonts/type1/public/amsfonts/cm/cmr12.pfb></usr/lo
cal/texlive/2024/texmf-dist/fonts/type1/public/amsfonts/cm/cmr6.pfb></usr/local
/texlive/2024/texmf-dist/fonts/type1/public/amsfonts/cm/cmr8.pfb></usr/local/te
xlive/2024/texmf-dist/fonts/type1/public/amsfonts/cm/cmsy10.pfb></usr/local/tex
live/2024/texmf-dist/fonts/type1/public/amsfonts/cm/cmsy6.pfb></usr/local/texli
ve/2024/texmf-dist/fonts/type1/public/amsfonts/cm/cmsy8.pfb></usr/local/texlive
/2024/texmf-dist/fonts/type1/public/amsfonts/cm/cmti10.pfb></usr/local/texlive/
2024/texmf-dist/fonts/type1/public/amsfonts/cm/cmti12.pfb></usr/local/texlive/2
024/texmf-dist/fonts/type1/public/amsfonts/cm/cmti8.pfb></usr/local/texlive/202
4/texmf-dist/fonts/type1/public/amsfonts/cm/cmtt12.pfb></usr/local/texlive/2024
/texmf-dist/fonts/type1/public/amsfonts/symbols/msbm10.pfb></usr/local/texlive/
2024/texmf-dist/fonts/type1/public/cm-super/sfrm1200.pfb></usr/local/texlive/20
24/texmf-dist/fonts/type1/public/cm-super/sfti1200.pfb>
Output written on NotasCursoProbabilidad.pdf (157 pages, 738906 bytes).
PDF statistics:
 3085 PDF objects out of 3580 (max. 8388607)
 2855 compressed objects within 29 object streams
 1854 named destinations out of 2073 (max. 500000)
 438 words of extra memory for PDF output out of 10000 (max. 10000000)

